0 info it worked if it ends with ok
1 verbose cli [ 'C:\\Program Files\\nodejs\\node.exe',
1 verbose cli   'C:\\Users\\Administrator\\AppData\\Roaming\\npm\\node_modules\\npm\\bin\\npm-cli.js',
1 verbose cli   'install',
1 verbose cli   'canvas',
1 verbose cli   '--save' ]
2 info using npm@3.8.9
3 info using node@v5.10.1
4 silly loadCurrentTree Starting
5 silly install loadCurrentTree
6 silly install readLocalPackageData
7 silly fetchPackageMetaData canvas
8 silly fetchNamedPackageData canvas
9 silly mapToRegistry name canvas
10 silly mapToRegistry using default registry
11 silly mapToRegistry registry https://registry.npm.taobao.org/
12 silly mapToRegistry data Result {
12 silly mapToRegistry   raw: 'canvas',
12 silly mapToRegistry   scope: null,
12 silly mapToRegistry   name: 'canvas',
12 silly mapToRegistry   rawSpec: '',
12 silly mapToRegistry   spec: 'latest',
12 silly mapToRegistry   type: 'tag' }
13 silly mapToRegistry uri https://registry.npm.taobao.org/canvas
14 verbose request uri https://registry.npm.taobao.org/canvas
15 verbose request no auth needed
16 info attempt registry request try #1 at 16:44:10
17 verbose request id 9ba5844ca9d13872
18 verbose etag "22184-fuIDZ+A951je5VD0aMOKNw"
19 http request GET https://registry.npm.taobao.org/canvas
20 http 304 https://registry.npm.taobao.org/canvas
21 verbose headers { date: 'Sat, 04 Jun 2016 08:44:19 GMT',
21 verbose headers   connection: 'keep-alive',
21 verbose headers   etag: '"22184-fuIDZ+A951je5VD0aMOKNw"',
21 verbose headers   'x-readtime': '127' }
22 silly get cb [ 304,
22 silly get   { date: 'Sat, 04 Jun 2016 08:44:19 GMT',
22 silly get     connection: 'keep-alive',
22 silly get     etag: '"22184-fuIDZ+A951je5VD0aMOKNw"',
22 silly get     'x-readtime': '127' } ]
23 verbose etag https://registry.npm.taobao.org/canvas from cache
24 verbose get saving canvas to C:\Users\Administrator\AppData\Roaming\npm-cache\registry.npm.taobao.org\canvas\.cache.json
25 verbose correctMkdir C:\Users\Administrator\AppData\Roaming\npm-cache correctMkdir not in flight; initializing
26 silly install normalizeTree
27 silly loadCurrentTree Finishing
28 silly loadIdealTree Starting
29 silly install loadIdealTree
30 silly cloneCurrentTree Starting
31 silly install cloneCurrentTreeToIdealTree
32 silly cloneCurrentTree Finishing
33 silly loadShrinkwrap Starting
34 silly install loadShrinkwrap
35 silly loadShrinkwrap Finishing
36 silly loadAllDepsIntoIdealTree Starting
37 silly install loadAllDepsIntoIdealTree
38 silly resolveWithNewModule canvas@1.3.16 checking installable status
39 silly cache add args [ 'canvas', null ]
40 verbose cache add spec canvas
41 silly cache add parsed spec Result {
41 silly cache add   raw: 'canvas',
41 silly cache add   scope: null,
41 silly cache add   name: 'canvas',
41 silly cache add   rawSpec: '',
41 silly cache add   spec: 'latest',
41 silly cache add   type: 'tag' }
42 silly addNamed canvas@latest
43 verbose addNamed "latest" is being treated as a dist-tag for canvas
44 info addNameTag [ 'canvas', 'latest' ]
45 silly mapToRegistry name canvas
46 silly mapToRegistry using default registry
47 silly mapToRegistry registry https://registry.npm.taobao.org/
48 silly mapToRegistry data Result {
48 silly mapToRegistry   raw: 'canvas',
48 silly mapToRegistry   scope: null,
48 silly mapToRegistry   name: 'canvas',
48 silly mapToRegistry   rawSpec: '',
48 silly mapToRegistry   spec: 'latest',
48 silly mapToRegistry   type: 'tag' }
49 silly mapToRegistry uri https://registry.npm.taobao.org/canvas
50 verbose addNameTag registry:https://registry.npm.taobao.org/canvas not in flight; fetching
51 verbose get https://registry.npm.taobao.org/canvas not expired, no request
52 silly addNameTag next cb for canvas with tag latest
53 silly addNamed canvas@1.3.16
54 verbose addNamed "1.3.16" is a plain semver version for canvas
55 silly cache afterAdd canvas@1.3.16
56 verbose afterAdd C:\Users\Administrator\AppData\Roaming\npm-cache\canvas\1.3.16\package\package.json not in flight; writing
57 verbose correctMkdir C:\Users\Administrator\AppData\Roaming\npm-cache correctMkdir not in flight; initializing
58 verbose afterAdd C:\Users\Administrator\AppData\Roaming\npm-cache\canvas\1.3.16\package\package.json written
59 silly loadAllDepsIntoIdealTree Finishing
60 silly idealTree:prePrune demo@1.0.0
60 silly idealTree:prePrune +-- async@0.1.18
60 silly idealTree:prePrune +-- bindings@0.3.0
60 silly idealTree:prePrune +-- canvas@1.3.16
60 silly idealTree:prePrune +-- commander@2.9.0
60 silly idealTree:prePrune +-- debug@2.2.0
60 silly idealTree:prePrune +-- define-properties@1.1.2
60 silly idealTree:prePrune +-- es6-promise@3.2.1
60 silly idealTree:prePrune +-- express@4.13.4
60 silly idealTree:prePrune | +-- accepts@1.2.13
60 silly idealTree:prePrune | | +-- mime-types@2.1.11
60 silly idealTree:prePrune | | | `-- mime-db@1.23.0
60 silly idealTree:prePrune | | `-- negotiator@0.5.3
60 silly idealTree:prePrune | +-- array-flatten@1.1.1
60 silly idealTree:prePrune | +-- content-disposition@0.5.1
60 silly idealTree:prePrune | +-- content-type@1.0.1
60 silly idealTree:prePrune | +-- cookie-signature@1.0.6
60 silly idealTree:prePrune | +-- cookie@0.1.5
60 silly idealTree:prePrune | +-- debug@2.2.0
60 silly idealTree:prePrune | | `-- ms@0.7.1
60 silly idealTree:prePrune | +-- depd@1.1.0
60 silly idealTree:prePrune | +-- escape-html@1.0.3
60 silly idealTree:prePrune | +-- etag@1.7.0
60 silly idealTree:prePrune | +-- finalhandler@0.4.1
60 silly idealTree:prePrune | | `-- unpipe@1.0.0
60 silly idealTree:prePrune | +-- fresh@0.3.0
60 silly idealTree:prePrune | +-- merge-descriptors@1.0.1
60 silly idealTree:prePrune | +-- methods@1.1.2
60 silly idealTree:prePrune | +-- on-finished@2.3.0
60 silly idealTree:prePrune | | `-- ee-first@1.1.1
60 silly idealTree:prePrune | +-- parseurl@1.3.1
60 silly idealTree:prePrune | +-- path-to-regexp@0.1.7
60 silly idealTree:prePrune | +-- proxy-addr@1.0.10
60 silly idealTree:prePrune | | +-- forwarded@0.1.0
60 silly idealTree:prePrune | | `-- ipaddr.js@1.0.5
60 silly idealTree:prePrune | +-- qs@4.0.0
60 silly idealTree:prePrune | +-- range-parser@1.0.3
60 silly idealTree:prePrune | +-- send@0.13.1
60 silly idealTree:prePrune | | +-- destroy@1.0.4
60 silly idealTree:prePrune | | +-- http-errors@1.3.1
60 silly idealTree:prePrune | | | `-- inherits@2.0.1
60 silly idealTree:prePrune | | +-- mime@1.3.4
60 silly idealTree:prePrune | | +-- ms@0.7.1
60 silly idealTree:prePrune | | `-- statuses@1.2.1
60 silly idealTree:prePrune | +-- serve-static@1.10.2
60 silly idealTree:prePrune | +-- type-is@1.6.12
60 silly idealTree:prePrune | | +-- media-typer@0.3.0
60 silly idealTree:prePrune | | `-- mime-types@2.1.11
60 silly idealTree:prePrune | |   `-- mime-db@1.23.0
60 silly idealTree:prePrune | +-- utils-merge@1.0.0
60 silly idealTree:prePrune | `-- vary@1.0.1
60 silly idealTree:prePrune +-- foreach@2.0.5
60 silly idealTree:prePrune +-- function-bind@1.1.0
60 silly idealTree:prePrune +-- graceful-readlink@1.0.1
60 silly idealTree:prePrune +-- ms@0.7.1
60 silly idealTree:prePrune +-- nan@2.3.3
60 silly idealTree:prePrune +-- node-pre-gyp@0.6.10
60 silly idealTree:prePrune | +-- mkdirp@0.5.1
60 silly idealTree:prePrune | | `-- minimist@0.0.8
60 silly idealTree:prePrune | +-- nopt@3.0.3
60 silly idealTree:prePrune | | `-- abbrev@1.0.7
60 silly idealTree:prePrune | +-- npmlog@1.2.1
60 silly idealTree:prePrune | | +-- ansi@0.3.0
60 silly idealTree:prePrune | | +-- are-we-there-yet@1.0.4
60 silly idealTree:prePrune | | | +-- delegates@0.1.0
60 silly idealTree:prePrune | | | `-- readable-stream@1.1.13
60 silly idealTree:prePrune | | |   +-- core-util-is@1.0.1
60 silly idealTree:prePrune | | |   +-- inherits@2.0.1
60 silly idealTree:prePrune | | |   +-- isarray@0.0.1
60 silly idealTree:prePrune | | |   `-- string_decoder@0.10.31
60 silly idealTree:prePrune | | `-- gauge@1.2.2
60 silly idealTree:prePrune | |   +-- has-unicode@1.0.0
60 silly idealTree:prePrune | |   +-- lodash.pad@3.1.1
60 silly idealTree:prePrune | |   | +-- lodash._basetostring@3.0.1
60 silly idealTree:prePrune | |   | `-- lodash._createpadding@3.6.1
60 silly idealTree:prePrune | |   |   `-- lodash.repeat@3.0.1
60 silly idealTree:prePrune | |   +-- lodash.padleft@3.1.1
60 silly idealTree:prePrune | |   | +-- lodash._basetostring@3.0.1
60 silly idealTree:prePrune | |   | `-- lodash._createpadding@3.6.1
60 silly idealTree:prePrune | |   |   `-- lodash.repeat@3.0.1
60 silly idealTree:prePrune | |   `-- lodash.padright@3.1.1
60 silly idealTree:prePrune | |     +-- lodash._basetostring@3.0.1
60 silly idealTree:prePrune | |     `-- lodash._createpadding@3.6.1
60 silly idealTree:prePrune | |       `-- lodash.repeat@3.0.1
60 silly idealTree:prePrune | +-- rc@1.1.1
60 silly idealTree:prePrune | | +-- deep-extend@0.2.11
60 silly idealTree:prePrune | | +-- ini@1.3.4
60 silly idealTree:prePrune | | +-- minimist@1.2.0
60 silly idealTree:prePrune | | `-- strip-json-comments@0.1.3
60 silly idealTree:prePrune | +-- request@2.61.0
60 silly idealTree:prePrune | | +-- aws-sign2@0.5.0
60 silly idealTree:prePrune | | +-- bl@1.0.0
60 silly idealTree:prePrune | | | `-- readable-stream@2.0.2
60 silly idealTree:prePrune | | |   +-- core-util-is@1.0.1
60 silly idealTree:prePrune | | |   +-- inherits@2.0.1
60 silly idealTree:prePrune | | |   +-- isarray@0.0.1
60 silly idealTree:prePrune | | |   +-- process-nextick-args@1.0.3
60 silly idealTree:prePrune | | |   +-- string_decoder@0.10.31
60 silly idealTree:prePrune | | |   `-- util-deprecate@1.0.1
60 silly idealTree:prePrune | | +-- caseless@0.11.0
60 silly idealTree:prePrune | | +-- combined-stream@1.0.5
60 silly idealTree:prePrune | | | `-- delayed-stream@1.0.0
60 silly idealTree:prePrune | | +-- extend@3.0.0
60 silly idealTree:prePrune | | +-- forever-agent@0.6.1
60 silly idealTree:prePrune | | +-- form-data@1.0.0-rc3
60 silly idealTree:prePrune | | | `-- async@1.4.2
60 silly idealTree:prePrune | | +-- har-validator@1.8.0
60 silly idealTree:prePrune | | | +-- bluebird@2.10.0
60 silly idealTree:prePrune | | | +-- chalk@1.1.1
60 silly idealTree:prePrune | | | | +-- ansi-styles@2.1.0
60 silly idealTree:prePrune | | | | +-- escape-string-regexp@1.0.3
60 silly idealTree:prePrune | | | | +-- has-ansi@2.0.0
60 silly idealTree:prePrune | | | | | `-- ansi-regex@2.0.0
60 silly idealTree:prePrune | | | | +-- strip-ansi@3.0.0
60 silly idealTree:prePrune | | | | | `-- ansi-regex@2.0.0
60 silly idealTree:prePrune | | | | `-- supports-color@2.0.0
60 silly idealTree:prePrune | | | +-- commander@2.8.1
60 silly idealTree:prePrune | | | | `-- graceful-readlink@1.0.1
60 silly idealTree:prePrune | | | `-- is-my-json-valid@2.12.2
60 silly idealTree:prePrune | | |   +-- generate-function@2.0.0
60 silly idealTree:prePrune | | |   +-- generate-object-property@1.2.0
60 silly idealTree:prePrune | | |   | `-- is-property@1.0.2
60 silly idealTree:prePrune | | |   +-- jsonpointer@2.0.0
60 silly idealTree:prePrune | | |   `-- xtend@4.0.0
60 silly idealTree:prePrune | | +-- hawk@3.1.0
60 silly idealTree:prePrune | | | +-- boom@2.8.0
60 silly idealTree:prePrune | | | +-- cryptiles@2.0.5
60 silly idealTree:prePrune | | | +-- hoek@2.14.0
60 silly idealTree:prePrune | | | `-- sntp@1.0.9
60 silly idealTree:prePrune | | +-- http-signature@0.11.0
60 silly idealTree:prePrune | | | +-- asn1@0.1.11
60 silly idealTree:prePrune | | | +-- assert-plus@0.1.5
60 silly idealTree:prePrune | | | `-- ctype@0.5.3
60 silly idealTree:prePrune | | +-- isstream@0.1.2
60 silly idealTree:prePrune | | +-- json-stringify-safe@5.0.1
60 silly idealTree:prePrune | | +-- mime-types@2.1.6
60 silly idealTree:prePrune | | | `-- mime-db@1.18.0
60 silly idealTree:prePrune | | +-- node-uuid@1.4.3
60 silly idealTree:prePrune | | +-- oauth-sign@0.8.0
60 silly idealTree:prePrune | | +-- qs@4.0.0
60 silly idealTree:prePrune | | +-- stringstream@0.0.4
60 silly idealTree:prePrune | | +-- tough-cookie@2.0.0
60 silly idealTree:prePrune | | `-- tunnel-agent@0.4.1
60 silly idealTree:prePrune | +-- rimraf@2.4.3
60 silly idealTree:prePrune | | `-- glob@5.0.14
60 silly idealTree:prePrune | |   +-- inflight@1.0.4
60 silly idealTree:prePrune | |   | `-- wrappy@1.0.1
60 silly idealTree:prePrune | |   +-- inherits@2.0.1
60 silly idealTree:prePrune | |   +-- minimatch@2.0.10
60 silly idealTree:prePrune | |   | `-- brace-expansion@1.1.0
60 silly idealTree:prePrune | |   |   +-- balanced-match@0.2.0
60 silly idealTree:prePrune | |   |   `-- concat-map@0.0.1
60 silly idealTree:prePrune | |   +-- once@1.3.2
60 silly idealTree:prePrune | |   | `-- wrappy@1.0.1
60 silly idealTree:prePrune | |   `-- path-is-absolute@1.0.0
60 silly idealTree:prePrune | +-- semver@5.0.1
60 silly idealTree:prePrune | +-- tar-pack@2.0.0
60 silly idealTree:prePrune | | +-- debug@0.7.4
60 silly idealTree:prePrune | | +-- fstream-ignore@0.0.7
60 silly idealTree:prePrune | | | +-- inherits@2.0.1
60 silly idealTree:prePrune | | | `-- minimatch@0.2.14
60 silly idealTree:prePrune | | |   +-- lru-cache@2.6.5
60 silly idealTree:prePrune | | |   `-- sigmund@1.0.1
60 silly idealTree:prePrune | | +-- fstream@0.1.31
60 silly idealTree:prePrune | | | +-- graceful-fs@3.0.8
60 silly idealTree:prePrune | | | `-- inherits@2.0.1
60 silly idealTree:prePrune | | +-- graceful-fs@1.2.3
60 silly idealTree:prePrune | | +-- once@1.1.1
60 silly idealTree:prePrune | | +-- readable-stream@1.0.33
60 silly idealTree:prePrune | | | +-- core-util-is@1.0.1
60 silly idealTree:prePrune | | | +-- inherits@2.0.1
60 silly idealTree:prePrune | | | +-- isarray@0.0.1
60 silly idealTree:prePrune | | | `-- string_decoder@0.10.31
60 silly idealTree:prePrune | | +-- rimraf@2.2.8
60 silly idealTree:prePrune | | +-- tar@0.1.20
60 silly idealTree:prePrune | | | +-- block-stream@0.0.8
60 silly idealTree:prePrune | | | `-- inherits@2.0.1
60 silly idealTree:prePrune | | `-- uid-number@0.0.3
60 silly idealTree:prePrune | `-- tar@2.2.0
60 silly idealTree:prePrune |   +-- block-stream@0.0.8
60 silly idealTree:prePrune |   +-- fstream@1.0.7
60 silly idealTree:prePrune |   | `-- graceful-fs@3.0.8
60 silly idealTree:prePrune |   `-- inherits@2.0.1
60 silly idealTree:prePrune +-- object-keys@1.0.9
60 silly idealTree:prePrune +-- object.assign@4.0.3
60 silly idealTree:prePrune +-- optimist@0.3.7
60 silly idealTree:prePrune +-- serialport.rar
60 silly idealTree:prePrune +-- serialport@3.1.2
60 silly idealTree:prePrune | +-- bindings@1.2.1
60 silly idealTree:prePrune | `-- node-pre-gyp@0.6.28
60 silly idealTree:prePrune |   +-- mkdirp@0.5.1
60 silly idealTree:prePrune |   | `-- minimist@0.0.8
60 silly idealTree:prePrune |   +-- nopt@3.0.6
60 silly idealTree:prePrune |   | `-- abbrev@1.0.7
60 silly idealTree:prePrune |   +-- npmlog@2.0.3
60 silly idealTree:prePrune |   | +-- ansi@0.3.1
60 silly idealTree:prePrune |   | +-- are-we-there-yet@1.1.2
60 silly idealTree:prePrune |   | | +-- delegates@1.0.0
60 silly idealTree:prePrune |   | | `-- readable-stream@2.1.2
60 silly idealTree:prePrune |   | |   +-- core-util-is@1.0.2
60 silly idealTree:prePrune |   | |   +-- inherits@2.0.1
60 silly idealTree:prePrune |   | |   +-- isarray@1.0.0
60 silly idealTree:prePrune |   | |   +-- process-nextick-args@1.0.7
60 silly idealTree:prePrune |   | |   +-- string_decoder@0.10.31
60 silly idealTree:prePrune |   | |   `-- util-deprecate@1.0.2
60 silly idealTree:prePrune |   | `-- gauge@1.2.7
60 silly idealTree:prePrune |   |   +-- has-unicode@2.0.0
60 silly idealTree:prePrune |   |   +-- lodash.pad@4.4.0
60 silly idealTree:prePrune |   |   | +-- lodash._baseslice@4.0.0
60 silly idealTree:prePrune |   |   | +-- lodash._basetostring@4.12.0
60 silly idealTree:prePrune |   |   | `-- lodash.tostring@4.1.3
60 silly idealTree:prePrune |   |   +-- lodash.padend@4.5.0
60 silly idealTree:prePrune |   |   | +-- lodash._baseslice@4.0.0
60 silly idealTree:prePrune |   |   | +-- lodash._basetostring@4.12.0
60 silly idealTree:prePrune |   |   | `-- lodash.tostring@4.1.3
60 silly idealTree:prePrune |   |   `-- lodash.padstart@4.5.0
60 silly idealTree:prePrune |   |     +-- lodash._baseslice@4.0.0
60 silly idealTree:prePrune |   |     +-- lodash._basetostring@4.12.0
60 silly idealTree:prePrune |   |     `-- lodash.tostring@4.1.3
60 silly idealTree:prePrune |   +-- rc@1.1.6
60 silly idealTree:prePrune |   | +-- deep-extend@0.4.1
60 silly idealTree:prePrune |   | +-- ini@1.3.4
60 silly idealTree:prePrune |   | +-- minimist@1.2.0
60 silly idealTree:prePrune |   | `-- strip-json-comments@1.0.4
60 silly idealTree:prePrune |   +-- request@2.72.0
60 silly idealTree:prePrune |   | +-- aws-sign2@0.6.0
60 silly idealTree:prePrune |   | +-- aws4@1.4.1
60 silly idealTree:prePrune |   | +-- bl@1.1.2
60 silly idealTree:prePrune |   | | `-- readable-stream@2.0.6
60 silly idealTree:prePrune |   | |   +-- core-util-is@1.0.2
60 silly idealTree:prePrune |   | |   +-- inherits@2.0.1
60 silly idealTree:prePrune |   | |   +-- isarray@1.0.0
60 silly idealTree:prePrune |   | |   +-- process-nextick-args@1.0.7
60 silly idealTree:prePrune |   | |   +-- string_decoder@0.10.31
60 silly idealTree:prePrune |   | |   `-- util-deprecate@1.0.2
60 silly idealTree:prePrune |   | +-- caseless@0.11.0
60 silly idealTree:prePrune |   | +-- combined-stream@1.0.5
60 silly idealTree:prePrune |   | | `-- delayed-stream@1.0.0
60 silly idealTree:prePrune |   | +-- extend@3.0.0
60 silly idealTree:prePrune |   | +-- forever-agent@0.6.1
60 silly idealTree:prePrune |   | +-- form-data@1.0.0-rc4
60 silly idealTree:prePrune |   | | `-- async@1.5.2
60 silly idealTree:prePrune |   | +-- har-validator@2.0.6
60 silly idealTree:prePrune |   | | +-- chalk@1.1.3
60 silly idealTree:prePrune |   | | | +-- ansi-styles@2.2.1
60 silly idealTree:prePrune |   | | | +-- escape-string-regexp@1.0.5
60 silly idealTree:prePrune |   | | | +-- has-ansi@2.0.0
60 silly idealTree:prePrune |   | | | | `-- ansi-regex@2.0.0
60 silly idealTree:prePrune |   | | | +-- strip-ansi@3.0.1
60 silly idealTree:prePrune |   | | | | `-- ansi-regex@2.0.0
60 silly idealTree:prePrune |   | | | `-- supports-color@2.0.0
60 silly idealTree:prePrune |   | | +-- is-my-json-valid@2.13.1
60 silly idealTree:prePrune |   | | | +-- generate-function@2.0.0
60 silly idealTree:prePrune |   | | | +-- generate-object-property@1.2.0
60 silly idealTree:prePrune |   | | | | `-- is-property@1.0.2
60 silly idealTree:prePrune |   | | | +-- jsonpointer@2.0.0
60 silly idealTree:prePrune |   | | | `-- xtend@4.0.1
60 silly idealTree:prePrune |   | | `-- pinkie-promise@2.0.1
60 silly idealTree:prePrune |   | |   `-- pinkie@2.0.4
60 silly idealTree:prePrune |   | +-- hawk@3.1.3
60 silly idealTree:prePrune |   | | +-- boom@2.10.1
60 silly idealTree:prePrune |   | | +-- cryptiles@2.0.5
60 silly idealTree:prePrune |   | | +-- hoek@2.16.3
60 silly idealTree:prePrune |   | | `-- sntp@1.0.9
60 silly idealTree:prePrune |   | +-- http-signature@1.1.1
60 silly idealTree:prePrune |   | | +-- assert-plus@0.2.0
60 silly idealTree:prePrune |   | | +-- jsprim@1.2.2
60 silly idealTree:prePrune |   | | | +-- extsprintf@1.0.2
60 silly idealTree:prePrune |   | | | +-- json-schema@0.2.2
60 silly idealTree:prePrune |   | | | `-- verror@1.3.6
60 silly idealTree:prePrune |   | | `-- sshpk@1.8.3
60 silly idealTree:prePrune |   | |   +-- asn1@0.2.3
60 silly idealTree:prePrune |   | |   +-- assert-plus@1.0.0
60 silly idealTree:prePrune |   | |   +-- dashdash@1.13.1
60 silly idealTree:prePrune |   | |   +-- ecc-jsbn@0.1.1
60 silly idealTree:prePrune |   | |   +-- getpass@0.1.6
60 silly idealTree:prePrune |   | |   +-- jodid25519@1.0.2
60 silly idealTree:prePrune |   | |   +-- jsbn@0.1.0
60 silly idealTree:prePrune |   | |   `-- tweetnacl@0.13.3
60 silly idealTree:prePrune |   | +-- is-typedarray@1.0.0
60 silly idealTree:prePrune |   | +-- isstream@0.1.2
60 silly idealTree:prePrune |   | +-- json-stringify-safe@5.0.1
60 silly idealTree:prePrune |   | +-- mime-types@2.1.11
60 silly idealTree:prePrune |   | | `-- mime-db@1.23.0
60 silly idealTree:prePrune |   | +-- node-uuid@1.4.7
60 silly idealTree:prePrune |   | +-- oauth-sign@0.8.2
60 silly idealTree:prePrune |   | +-- qs@6.1.0
60 silly idealTree:prePrune |   | +-- stringstream@0.0.5
60 silly idealTree:prePrune |   | +-- tough-cookie@2.2.2
60 silly idealTree:prePrune |   | `-- tunnel-agent@0.4.3
60 silly idealTree:prePrune |   +-- rimraf@2.5.2
60 silly idealTree:prePrune |   | `-- glob@7.0.3
60 silly idealTree:prePrune |   |   +-- inflight@1.0.4
60 silly idealTree:prePrune |   |   | `-- wrappy@1.0.1
60 silly idealTree:prePrune |   |   +-- inherits@2.0.1
60 silly idealTree:prePrune |   |   +-- minimatch@3.0.0
60 silly idealTree:prePrune |   |   | `-- brace-expansion@1.1.4
60 silly idealTree:prePrune |   |   |   +-- balanced-match@0.4.1
60 silly idealTree:prePrune |   |   |   `-- concat-map@0.0.1
60 silly idealTree:prePrune |   |   +-- once@1.3.3
60 silly idealTree:prePrune |   |   | `-- wrappy@1.0.1
60 silly idealTree:prePrune |   |   `-- path-is-absolute@1.0.0
60 silly idealTree:prePrune |   +-- semver@5.1.0
60 silly idealTree:prePrune |   +-- tar-pack@3.1.3
60 silly idealTree:prePrune |   | +-- fstream-ignore@1.0.4
60 silly idealTree:prePrune |   | | +-- inherits@2.0.1
60 silly idealTree:prePrune |   | | `-- minimatch@3.0.0
60 silly idealTree:prePrune |   | |   `-- brace-expansion@1.1.4
60 silly idealTree:prePrune |   | |     +-- balanced-match@0.4.1
60 silly idealTree:prePrune |   | |     `-- concat-map@0.0.1
60 silly idealTree:prePrune |   | +-- fstream@1.0.9
60 silly idealTree:prePrune |   | | +-- graceful-fs@4.1.4
60 silly idealTree:prePrune |   | | `-- inherits@2.0.1
60 silly idealTree:prePrune |   | +-- once@1.3.3
60 silly idealTree:prePrune |   | | `-- wrappy@1.0.1
60 silly idealTree:prePrune |   | +-- readable-stream@2.0.6
60 silly idealTree:prePrune |   | | +-- core-util-is@1.0.2
60 silly idealTree:prePrune |   | | +-- inherits@2.0.1
60 silly idealTree:prePrune |   | | +-- isarray@1.0.0
60 silly idealTree:prePrune |   | | +-- process-nextick-args@1.0.7
60 silly idealTree:prePrune |   | | +-- string_decoder@0.10.31
60 silly idealTree:prePrune |   | | `-- util-deprecate@1.0.2
60 silly idealTree:prePrune |   | `-- uid-number@0.0.6
60 silly idealTree:prePrune |   `-- tar@2.2.1
60 silly idealTree:prePrune |     +-- block-stream@0.0.9
60 silly idealTree:prePrune |     +-- fstream@1.0.9
60 silly idealTree:prePrune |     | `-- graceful-fs@4.1.4
60 silly idealTree:prePrune |     `-- inherits@2.0.1
60 silly idealTree:prePrune +-- serialport2@0.0.5
60 silly idealTree:prePrune +-- sf@0.1.3
60 silly idealTree:prePrune +-- socket.io@1.4.6
60 silly idealTree:prePrune | +-- debug@2.2.0
60 silly idealTree:prePrune | | `-- ms@0.7.1
60 silly idealTree:prePrune | +-- engine.io@1.6.9
60 silly idealTree:prePrune | | +-- accepts@1.1.4
60 silly idealTree:prePrune | | | +-- mime-types@2.0.14
60 silly idealTree:prePrune | | | | `-- mime-db@1.12.0
60 silly idealTree:prePrune | | | `-- negotiator@0.4.9
60 silly idealTree:prePrune | | +-- base64id@0.1.0
60 silly idealTree:prePrune | | +-- engine.io-parser@1.2.4
60 silly idealTree:prePrune | | | +-- after@0.8.1
60 silly idealTree:prePrune | | | +-- arraybuffer.slice@0.0.6
60 silly idealTree:prePrune | | | +-- base64-arraybuffer@0.1.2
60 silly idealTree:prePrune | | | +-- blob@0.0.4
60 silly idealTree:prePrune | | | +-- has-binary@0.1.6
60 silly idealTree:prePrune | | | | `-- isarray@0.0.1
60 silly idealTree:prePrune | | | `-- utf8@2.1.0
60 silly idealTree:prePrune | | `-- ws@1.0.1
60 silly idealTree:prePrune | |   +-- options@0.0.6
60 silly idealTree:prePrune | |   `-- ultron@1.0.2
60 silly idealTree:prePrune | +-- has-binary@0.1.7
60 silly idealTree:prePrune | | `-- isarray@0.0.1
60 silly idealTree:prePrune | +-- socket.io-adapter@0.4.0
60 silly idealTree:prePrune | | `-- socket.io-parser@2.2.2
60 silly idealTree:prePrune | |   +-- benchmark@1.0.0
60 silly idealTree:prePrune | |   +-- component-emitter@1.1.2
60 silly idealTree:prePrune | |   +-- debug@0.7.4
60 silly idealTree:prePrune | |   +-- isarray@0.0.1
60 silly idealTree:prePrune | |   `-- json3@3.2.6
60 silly idealTree:prePrune | +-- socket.io-client@1.4.6
60 silly idealTree:prePrune | | +-- backo2@1.0.2
60 silly idealTree:prePrune | | +-- component-bind@1.0.0
60 silly idealTree:prePrune | | +-- component-emitter@1.2.0
60 silly idealTree:prePrune | | +-- engine.io-client@1.6.9
60 silly idealTree:prePrune | | | +-- component-emitter@1.1.2
60 silly idealTree:prePrune | | | +-- component-inherit@0.0.3
60 silly idealTree:prePrune | | | +-- engine.io-parser@1.2.4
60 silly idealTree:prePrune | | | | +-- after@0.8.1
60 silly idealTree:prePrune | | | | +-- arraybuffer.slice@0.0.6
60 silly idealTree:prePrune | | | | +-- base64-arraybuffer@0.1.2
60 silly idealTree:prePrune | | | | +-- blob@0.0.4
60 silly idealTree:prePrune | | | | +-- has-binary@0.1.6
60 silly idealTree:prePrune | | | | | `-- isarray@0.0.1
60 silly idealTree:prePrune | | | | `-- utf8@2.1.0
60 silly idealTree:prePrune | | | +-- has-cors@1.1.0
60 silly idealTree:prePrune | | | +-- parsejson@0.0.1
60 silly idealTree:prePrune | | | | `-- better-assert@1.0.2
60 silly idealTree:prePrune | | | |   `-- callsite@1.0.0
60 silly idealTree:prePrune | | | +-- parseqs@0.0.2
60 silly idealTree:prePrune | | | | `-- better-assert@1.0.2
60 silly idealTree:prePrune | | | |   `-- callsite@1.0.0
60 silly idealTree:prePrune | | | +-- ws@1.0.1
60 silly idealTree:prePrune | | | | +-- options@0.0.6
60 silly idealTree:prePrune | | | | `-- ultron@1.0.2
60 silly idealTree:prePrune | | | +-- xmlhttprequest-ssl@1.5.1
60 silly idealTree:prePrune | | | `-- yeast@0.1.2
60 silly idealTree:prePrune | | +-- indexof@0.0.1
60 silly idealTree:prePrune | | +-- object-component@0.0.3
60 silly idealTree:prePrune | | +-- parseuri@0.0.4
60 silly idealTree:prePrune | | | `-- better-assert@1.0.2
60 silly idealTree:prePrune | | |   `-- callsite@1.0.0
60 silly idealTree:prePrune | | `-- to-array@0.1.4
60 silly idealTree:prePrune | `-- socket.io-parser@2.2.6
60 silly idealTree:prePrune |   +-- benchmark@1.0.0
60 silly idealTree:prePrune |   +-- component-emitter@1.1.2
60 silly idealTree:prePrune |   +-- isarray@0.0.1
60 silly idealTree:prePrune |   `-- json3@3.3.2
60 silly idealTree:prePrune `-- wordwrap@0.0.3
61 silly loadIdealTree Finishing
62 silly currentTree demo@1.0.0
62 silly currentTree +-- async@0.1.18
62 silly currentTree +-- bindings@0.3.0
62 silly currentTree +-- commander@2.9.0
62 silly currentTree +-- debug@2.2.0
62 silly currentTree +-- define-properties@1.1.2
62 silly currentTree +-- es6-promise@3.2.1
62 silly currentTree +-- express@4.13.4
62 silly currentTree | +-- accepts@1.2.13
62 silly currentTree | | +-- mime-types@2.1.11
62 silly currentTree | | | `-- mime-db@1.23.0
62 silly currentTree | | `-- negotiator@0.5.3
62 silly currentTree | +-- array-flatten@1.1.1
62 silly currentTree | +-- content-disposition@0.5.1
62 silly currentTree | +-- content-type@1.0.1
62 silly currentTree | +-- cookie-signature@1.0.6
62 silly currentTree | +-- cookie@0.1.5
62 silly currentTree | +-- debug@2.2.0
62 silly currentTree | | `-- ms@0.7.1
62 silly currentTree | +-- depd@1.1.0
62 silly currentTree | +-- escape-html@1.0.3
62 silly currentTree | +-- etag@1.7.0
62 silly currentTree | +-- finalhandler@0.4.1
62 silly currentTree | | `-- unpipe@1.0.0
62 silly currentTree | +-- fresh@0.3.0
62 silly currentTree | +-- merge-descriptors@1.0.1
62 silly currentTree | +-- methods@1.1.2
62 silly currentTree | +-- on-finished@2.3.0
62 silly currentTree | | `-- ee-first@1.1.1
62 silly currentTree | +-- parseurl@1.3.1
62 silly currentTree | +-- path-to-regexp@0.1.7
62 silly currentTree | +-- proxy-addr@1.0.10
62 silly currentTree | | +-- forwarded@0.1.0
62 silly currentTree | | `-- ipaddr.js@1.0.5
62 silly currentTree | +-- qs@4.0.0
62 silly currentTree | +-- range-parser@1.0.3
62 silly currentTree | +-- send@0.13.1
62 silly currentTree | | +-- destroy@1.0.4
62 silly currentTree | | +-- http-errors@1.3.1
62 silly currentTree | | | `-- inherits@2.0.1
62 silly currentTree | | +-- mime@1.3.4
62 silly currentTree | | +-- ms@0.7.1
62 silly currentTree | | `-- statuses@1.2.1
62 silly currentTree | +-- serve-static@1.10.2
62 silly currentTree | +-- type-is@1.6.12
62 silly currentTree | | +-- media-typer@0.3.0
62 silly currentTree | | `-- mime-types@2.1.11
62 silly currentTree | |   `-- mime-db@1.23.0
62 silly currentTree | +-- utils-merge@1.0.0
62 silly currentTree | `-- vary@1.0.1
62 silly currentTree +-- foreach@2.0.5
62 silly currentTree +-- function-bind@1.1.0
62 silly currentTree +-- graceful-readlink@1.0.1
62 silly currentTree +-- ms@0.7.1
62 silly currentTree +-- nan@2.3.3
62 silly currentTree +-- node-pre-gyp@0.6.10
62 silly currentTree | +-- mkdirp@0.5.1
62 silly currentTree | | `-- minimist@0.0.8
62 silly currentTree | +-- nopt@3.0.3
62 silly currentTree | | `-- abbrev@1.0.7
62 silly currentTree | +-- npmlog@1.2.1
62 silly currentTree | | +-- ansi@0.3.0
62 silly currentTree | | +-- are-we-there-yet@1.0.4
62 silly currentTree | | | +-- delegates@0.1.0
62 silly currentTree | | | `-- readable-stream@1.1.13
62 silly currentTree | | |   +-- core-util-is@1.0.1
62 silly currentTree | | |   +-- inherits@2.0.1
62 silly currentTree | | |   +-- isarray@0.0.1
62 silly currentTree | | |   `-- string_decoder@0.10.31
62 silly currentTree | | `-- gauge@1.2.2
62 silly currentTree | |   +-- has-unicode@1.0.0
62 silly currentTree | |   +-- lodash.pad@3.1.1
62 silly currentTree | |   | +-- lodash._basetostring@3.0.1
62 silly currentTree | |   | `-- lodash._createpadding@3.6.1
62 silly currentTree | |   |   `-- lodash.repeat@3.0.1
62 silly currentTree | |   +-- lodash.padleft@3.1.1
62 silly currentTree | |   | +-- lodash._basetostring@3.0.1
62 silly currentTree | |   | `-- lodash._createpadding@3.6.1
62 silly currentTree | |   |   `-- lodash.repeat@3.0.1
62 silly currentTree | |   `-- lodash.padright@3.1.1
62 silly currentTree | |     +-- lodash._basetostring@3.0.1
62 silly currentTree | |     `-- lodash._createpadding@3.6.1
62 silly currentTree | |       `-- lodash.repeat@3.0.1
62 silly currentTree | +-- rc@1.1.1
62 silly currentTree | | +-- deep-extend@0.2.11
62 silly currentTree | | +-- ini@1.3.4
62 silly currentTree | | +-- minimist@1.2.0
62 silly currentTree | | `-- strip-json-comments@0.1.3
62 silly currentTree | +-- request@2.61.0
62 silly currentTree | | +-- aws-sign2@0.5.0
62 silly currentTree | | +-- bl@1.0.0
62 silly currentTree | | | `-- readable-stream@2.0.2
62 silly currentTree | | |   +-- core-util-is@1.0.1
62 silly currentTree | | |   +-- inherits@2.0.1
62 silly currentTree | | |   +-- isarray@0.0.1
62 silly currentTree | | |   +-- process-nextick-args@1.0.3
62 silly currentTree | | |   +-- string_decoder@0.10.31
62 silly currentTree | | |   `-- util-deprecate@1.0.1
62 silly currentTree | | +-- caseless@0.11.0
62 silly currentTree | | +-- combined-stream@1.0.5
62 silly currentTree | | | `-- delayed-stream@1.0.0
62 silly currentTree | | +-- extend@3.0.0
62 silly currentTree | | +-- forever-agent@0.6.1
62 silly currentTree | | +-- form-data@1.0.0-rc3
62 silly currentTree | | | `-- async@1.4.2
62 silly currentTree | | +-- har-validator@1.8.0
62 silly currentTree | | | +-- bluebird@2.10.0
62 silly currentTree | | | +-- chalk@1.1.1
62 silly currentTree | | | | +-- ansi-styles@2.1.0
62 silly currentTree | | | | +-- escape-string-regexp@1.0.3
62 silly currentTree | | | | +-- has-ansi@2.0.0
62 silly currentTree | | | | | `-- ansi-regex@2.0.0
62 silly currentTree | | | | +-- strip-ansi@3.0.0
62 silly currentTree | | | | | `-- ansi-regex@2.0.0
62 silly currentTree | | | | `-- supports-color@2.0.0
62 silly currentTree | | | +-- commander@2.8.1
62 silly currentTree | | | | `-- graceful-readlink@1.0.1
62 silly currentTree | | | `-- is-my-json-valid@2.12.2
62 silly currentTree | | |   +-- generate-function@2.0.0
62 silly currentTree | | |   +-- generate-object-property@1.2.0
62 silly currentTree | | |   | `-- is-property@1.0.2
62 silly currentTree | | |   +-- jsonpointer@2.0.0
62 silly currentTree | | |   `-- xtend@4.0.0
62 silly currentTree | | +-- hawk@3.1.0
62 silly currentTree | | | +-- boom@2.8.0
62 silly currentTree | | | +-- cryptiles@2.0.5
62 silly currentTree | | | +-- hoek@2.14.0
62 silly currentTree | | | `-- sntp@1.0.9
62 silly currentTree | | +-- http-signature@0.11.0
62 silly currentTree | | | +-- asn1@0.1.11
62 silly currentTree | | | +-- assert-plus@0.1.5
62 silly currentTree | | | `-- ctype@0.5.3
62 silly currentTree | | +-- isstream@0.1.2
62 silly currentTree | | +-- json-stringify-safe@5.0.1
62 silly currentTree | | +-- mime-types@2.1.6
62 silly currentTree | | | `-- mime-db@1.18.0
62 silly currentTree | | +-- node-uuid@1.4.3
62 silly currentTree | | +-- oauth-sign@0.8.0
62 silly currentTree | | +-- qs@4.0.0
62 silly currentTree | | +-- stringstream@0.0.4
62 silly currentTree | | +-- tough-cookie@2.0.0
62 silly currentTree | | `-- tunnel-agent@0.4.1
62 silly currentTree | +-- rimraf@2.4.3
62 silly currentTree | | `-- glob@5.0.14
62 silly currentTree | |   +-- inflight@1.0.4
62 silly currentTree | |   | `-- wrappy@1.0.1
62 silly currentTree | |   +-- inherits@2.0.1
62 silly currentTree | |   +-- minimatch@2.0.10
62 silly currentTree | |   | `-- brace-expansion@1.1.0
62 silly currentTree | |   |   +-- balanced-match@0.2.0
62 silly currentTree | |   |   `-- concat-map@0.0.1
62 silly currentTree | |   +-- once@1.3.2
62 silly currentTree | |   | `-- wrappy@1.0.1
62 silly currentTree | |   `-- path-is-absolute@1.0.0
62 silly currentTree | +-- semver@5.0.1
62 silly currentTree | +-- tar-pack@2.0.0
62 silly currentTree | | +-- debug@0.7.4
62 silly currentTree | | +-- fstream-ignore@0.0.7
62 silly currentTree | | | +-- inherits@2.0.1
62 silly currentTree | | | `-- minimatch@0.2.14
62 silly currentTree | | |   +-- lru-cache@2.6.5
62 silly currentTree | | |   `-- sigmund@1.0.1
62 silly currentTree | | +-- fstream@0.1.31
62 silly currentTree | | | +-- graceful-fs@3.0.8
62 silly currentTree | | | `-- inherits@2.0.1
62 silly currentTree | | +-- graceful-fs@1.2.3
62 silly currentTree | | +-- once@1.1.1
62 silly currentTree | | +-- readable-stream@1.0.33
62 silly currentTree | | | +-- core-util-is@1.0.1
62 silly currentTree | | | +-- inherits@2.0.1
62 silly currentTree | | | +-- isarray@0.0.1
62 silly currentTree | | | `-- string_decoder@0.10.31
62 silly currentTree | | +-- rimraf@2.2.8
62 silly currentTree | | +-- tar@0.1.20
62 silly currentTree | | | +-- block-stream@0.0.8
62 silly currentTree | | | `-- inherits@2.0.1
62 silly currentTree | | `-- uid-number@0.0.3
62 silly currentTree | `-- tar@2.2.0
62 silly currentTree |   +-- block-stream@0.0.8
62 silly currentTree |   +-- fstream@1.0.7
62 silly currentTree |   | `-- graceful-fs@3.0.8
62 silly currentTree |   `-- inherits@2.0.1
62 silly currentTree +-- object-keys@1.0.9
62 silly currentTree +-- object.assign@4.0.3
62 silly currentTree +-- optimist@0.3.7
62 silly currentTree +-- serialport.rar
62 silly currentTree +-- serialport@3.1.2
62 silly currentTree | +-- bindings@1.2.1
62 silly currentTree | `-- node-pre-gyp@0.6.28
62 silly currentTree |   +-- mkdirp@0.5.1
62 silly currentTree |   | `-- minimist@0.0.8
62 silly currentTree |   +-- nopt@3.0.6
62 silly currentTree |   | `-- abbrev@1.0.7
62 silly currentTree |   +-- npmlog@2.0.3
62 silly currentTree |   | +-- ansi@0.3.1
62 silly currentTree |   | +-- are-we-there-yet@1.1.2
62 silly currentTree |   | | +-- delegates@1.0.0
62 silly currentTree |   | | `-- readable-stream@2.1.2
62 silly currentTree |   | |   +-- core-util-is@1.0.2
62 silly currentTree |   | |   +-- inherits@2.0.1
62 silly currentTree |   | |   +-- isarray@1.0.0
62 silly currentTree |   | |   +-- process-nextick-args@1.0.7
62 silly currentTree |   | |   +-- string_decoder@0.10.31
62 silly currentTree |   | |   `-- util-deprecate@1.0.2
62 silly currentTree |   | `-- gauge@1.2.7
62 silly currentTree |   |   +-- has-unicode@2.0.0
62 silly currentTree |   |   +-- lodash.pad@4.4.0
62 silly currentTree |   |   | +-- lodash._baseslice@4.0.0
62 silly currentTree |   |   | +-- lodash._basetostring@4.12.0
62 silly currentTree |   |   | `-- lodash.tostring@4.1.3
62 silly currentTree |   |   +-- lodash.padend@4.5.0
62 silly currentTree |   |   | +-- lodash._baseslice@4.0.0
62 silly currentTree |   |   | +-- lodash._basetostring@4.12.0
62 silly currentTree |   |   | `-- lodash.tostring@4.1.3
62 silly currentTree |   |   `-- lodash.padstart@4.5.0
62 silly currentTree |   |     +-- lodash._baseslice@4.0.0
62 silly currentTree |   |     +-- lodash._basetostring@4.12.0
62 silly currentTree |   |     `-- lodash.tostring@4.1.3
62 silly currentTree |   +-- rc@1.1.6
62 silly currentTree |   | +-- deep-extend@0.4.1
62 silly currentTree |   | +-- ini@1.3.4
62 silly currentTree |   | +-- minimist@1.2.0
62 silly currentTree |   | `-- strip-json-comments@1.0.4
62 silly currentTree |   +-- request@2.72.0
62 silly currentTree |   | +-- aws-sign2@0.6.0
62 silly currentTree |   | +-- aws4@1.4.1
62 silly currentTree |   | +-- bl@1.1.2
62 silly currentTree |   | | `-- readable-stream@2.0.6
62 silly currentTree |   | |   +-- core-util-is@1.0.2
62 silly currentTree |   | |   +-- inherits@2.0.1
62 silly currentTree |   | |   +-- isarray@1.0.0
62 silly currentTree |   | |   +-- process-nextick-args@1.0.7
62 silly currentTree |   | |   +-- string_decoder@0.10.31
62 silly currentTree |   | |   `-- util-deprecate@1.0.2
62 silly currentTree |   | +-- caseless@0.11.0
62 silly currentTree |   | +-- combined-stream@1.0.5
62 silly currentTree |   | | `-- delayed-stream@1.0.0
62 silly currentTree |   | +-- extend@3.0.0
62 silly currentTree |   | +-- forever-agent@0.6.1
62 silly currentTree |   | +-- form-data@1.0.0-rc4
62 silly currentTree |   | | `-- async@1.5.2
62 silly currentTree |   | +-- har-validator@2.0.6
62 silly currentTree |   | | +-- chalk@1.1.3
62 silly currentTree |   | | | +-- ansi-styles@2.2.1
62 silly currentTree |   | | | +-- escape-string-regexp@1.0.5
62 silly currentTree |   | | | +-- has-ansi@2.0.0
62 silly currentTree |   | | | | `-- ansi-regex@2.0.0
62 silly currentTree |   | | | +-- strip-ansi@3.0.1
62 silly currentTree |   | | | | `-- ansi-regex@2.0.0
62 silly currentTree |   | | | `-- supports-color@2.0.0
62 silly currentTree |   | | +-- is-my-json-valid@2.13.1
62 silly currentTree |   | | | +-- generate-function@2.0.0
62 silly currentTree |   | | | +-- generate-object-property@1.2.0
62 silly currentTree |   | | | | `-- is-property@1.0.2
62 silly currentTree |   | | | +-- jsonpointer@2.0.0
62 silly currentTree |   | | | `-- xtend@4.0.1
62 silly currentTree |   | | `-- pinkie-promise@2.0.1
62 silly currentTree |   | |   `-- pinkie@2.0.4
62 silly currentTree |   | +-- hawk@3.1.3
62 silly currentTree |   | | +-- boom@2.10.1
62 silly currentTree |   | | +-- cryptiles@2.0.5
62 silly currentTree |   | | +-- hoek@2.16.3
62 silly currentTree |   | | `-- sntp@1.0.9
62 silly currentTree |   | +-- http-signature@1.1.1
62 silly currentTree |   | | +-- assert-plus@0.2.0
62 silly currentTree |   | | +-- jsprim@1.2.2
62 silly currentTree |   | | | +-- extsprintf@1.0.2
62 silly currentTree |   | | | +-- json-schema@0.2.2
62 silly currentTree |   | | | `-- verror@1.3.6
62 silly currentTree |   | | `-- sshpk@1.8.3
62 silly currentTree |   | |   +-- asn1@0.2.3
62 silly currentTree |   | |   +-- assert-plus@1.0.0
62 silly currentTree |   | |   +-- dashdash@1.13.1
62 silly currentTree |   | |   +-- ecc-jsbn@0.1.1
62 silly currentTree |   | |   +-- getpass@0.1.6
62 silly currentTree |   | |   +-- jodid25519@1.0.2
62 silly currentTree |   | |   +-- jsbn@0.1.0
62 silly currentTree |   | |   `-- tweetnacl@0.13.3
62 silly currentTree |   | +-- is-typedarray@1.0.0
62 silly currentTree |   | +-- isstream@0.1.2
62 silly currentTree |   | +-- json-stringify-safe@5.0.1
62 silly currentTree |   | +-- mime-types@2.1.11
62 silly currentTree |   | | `-- mime-db@1.23.0
62 silly currentTree |   | +-- node-uuid@1.4.7
62 silly currentTree |   | +-- oauth-sign@0.8.2
62 silly currentTree |   | +-- qs@6.1.0
62 silly currentTree |   | +-- stringstream@0.0.5
62 silly currentTree |   | +-- tough-cookie@2.2.2
62 silly currentTree |   | `-- tunnel-agent@0.4.3
62 silly currentTree |   +-- rimraf@2.5.2
62 silly currentTree |   | `-- glob@7.0.3
62 silly currentTree |   |   +-- inflight@1.0.4
62 silly currentTree |   |   | `-- wrappy@1.0.1
62 silly currentTree |   |   +-- inherits@2.0.1
62 silly currentTree |   |   +-- minimatch@3.0.0
62 silly currentTree |   |   | `-- brace-expansion@1.1.4
62 silly currentTree |   |   |   +-- balanced-match@0.4.1
62 silly currentTree |   |   |   `-- concat-map@0.0.1
62 silly currentTree |   |   +-- once@1.3.3
62 silly currentTree |   |   | `-- wrappy@1.0.1
62 silly currentTree |   |   `-- path-is-absolute@1.0.0
62 silly currentTree |   +-- semver@5.1.0
62 silly currentTree |   +-- tar-pack@3.1.3
62 silly currentTree |   | +-- fstream-ignore@1.0.4
62 silly currentTree |   | | +-- inherits@2.0.1
62 silly currentTree |   | | `-- minimatch@3.0.0
62 silly currentTree |   | |   `-- brace-expansion@1.1.4
62 silly currentTree |   | |     +-- balanced-match@0.4.1
62 silly currentTree |   | |     `-- concat-map@0.0.1
62 silly currentTree |   | +-- fstream@1.0.9
62 silly currentTree |   | | +-- graceful-fs@4.1.4
62 silly currentTree |   | | `-- inherits@2.0.1
62 silly currentTree |   | +-- once@1.3.3
62 silly currentTree |   | | `-- wrappy@1.0.1
62 silly currentTree |   | +-- readable-stream@2.0.6
62 silly currentTree |   | | +-- core-util-is@1.0.2
62 silly currentTree |   | | +-- inherits@2.0.1
62 silly currentTree |   | | +-- isarray@1.0.0
62 silly currentTree |   | | +-- process-nextick-args@1.0.7
62 silly currentTree |   | | +-- string_decoder@0.10.31
62 silly currentTree |   | | `-- util-deprecate@1.0.2
62 silly currentTree |   | `-- uid-number@0.0.6
62 silly currentTree |   `-- tar@2.2.1
62 silly currentTree |     +-- block-stream@0.0.9
62 silly currentTree |     +-- fstream@1.0.9
62 silly currentTree |     | `-- graceful-fs@4.1.4
62 silly currentTree |     `-- inherits@2.0.1
62 silly currentTree +-- serialport2@0.0.5
62 silly currentTree +-- sf@0.1.3
62 silly currentTree +-- socket.io@1.4.6
62 silly currentTree | +-- debug@2.2.0
62 silly currentTree | | `-- ms@0.7.1
62 silly currentTree | +-- engine.io@1.6.9
62 silly currentTree | | +-- accepts@1.1.4
62 silly currentTree | | | +-- mime-types@2.0.14
62 silly currentTree | | | | `-- mime-db@1.12.0
62 silly currentTree | | | `-- negotiator@0.4.9
62 silly currentTree | | +-- base64id@0.1.0
62 silly currentTree | | +-- engine.io-parser@1.2.4
62 silly currentTree | | | +-- after@0.8.1
62 silly currentTree | | | +-- arraybuffer.slice@0.0.6
62 silly currentTree | | | +-- base64-arraybuffer@0.1.2
62 silly currentTree | | | +-- blob@0.0.4
62 silly currentTree | | | +-- has-binary@0.1.6
62 silly currentTree | | | | `-- isarray@0.0.1
62 silly currentTree | | | `-- utf8@2.1.0
62 silly currentTree | | `-- ws@1.0.1
62 silly currentTree | |   +-- options@0.0.6
62 silly currentTree | |   `-- ultron@1.0.2
62 silly currentTree | +-- has-binary@0.1.7
62 silly currentTree | | `-- isarray@0.0.1
62 silly currentTree | +-- socket.io-adapter@0.4.0
62 silly currentTree | | `-- socket.io-parser@2.2.2
62 silly currentTree | |   +-- benchmark@1.0.0
62 silly currentTree | |   +-- component-emitter@1.1.2
62 silly currentTree | |   +-- debug@0.7.4
62 silly currentTree | |   +-- isarray@0.0.1
62 silly currentTree | |   `-- json3@3.2.6
62 silly currentTree | +-- socket.io-client@1.4.6
62 silly currentTree | | +-- backo2@1.0.2
62 silly currentTree | | +-- component-bind@1.0.0
62 silly currentTree | | +-- component-emitter@1.2.0
62 silly currentTree | | +-- engine.io-client@1.6.9
62 silly currentTree | | | +-- component-emitter@1.1.2
62 silly currentTree | | | +-- component-inherit@0.0.3
62 silly currentTree | | | +-- engine.io-parser@1.2.4
62 silly currentTree | | | | +-- after@0.8.1
62 silly currentTree | | | | +-- arraybuffer.slice@0.0.6
62 silly currentTree | | | | +-- base64-arraybuffer@0.1.2
62 silly currentTree | | | | +-- blob@0.0.4
62 silly currentTree | | | | +-- has-binary@0.1.6
62 silly currentTree | | | | | `-- isarray@0.0.1
62 silly currentTree | | | | `-- utf8@2.1.0
62 silly currentTree | | | +-- has-cors@1.1.0
62 silly currentTree | | | +-- parsejson@0.0.1
62 silly currentTree | | | | `-- better-assert@1.0.2
62 silly currentTree | | | |   `-- callsite@1.0.0
62 silly currentTree | | | +-- parseqs@0.0.2
62 silly currentTree | | | | `-- better-assert@1.0.2
62 silly currentTree | | | |   `-- callsite@1.0.0
62 silly currentTree | | | +-- ws@1.0.1
62 silly currentTree | | | | +-- options@0.0.6
62 silly currentTree | | | | `-- ultron@1.0.2
62 silly currentTree | | | +-- xmlhttprequest-ssl@1.5.1
62 silly currentTree | | | `-- yeast@0.1.2
62 silly currentTree | | +-- indexof@0.0.1
62 silly currentTree | | +-- object-component@0.0.3
62 silly currentTree | | +-- parseuri@0.0.4
62 silly currentTree | | | `-- better-assert@1.0.2
62 silly currentTree | | |   `-- callsite@1.0.0
62 silly currentTree | | `-- to-array@0.1.4
62 silly currentTree | `-- socket.io-parser@2.2.6
62 silly currentTree |   +-- benchmark@1.0.0
62 silly currentTree |   +-- component-emitter@1.1.2
62 silly currentTree |   +-- isarray@0.0.1
62 silly currentTree |   `-- json3@3.3.2
62 silly currentTree `-- wordwrap@0.0.3
63 silly idealTree demo@1.0.0
63 silly idealTree +-- async@0.1.18
63 silly idealTree +-- bindings@0.3.0
63 silly idealTree +-- canvas@1.3.16
63 silly idealTree +-- commander@2.9.0
63 silly idealTree +-- debug@2.2.0
63 silly idealTree +-- define-properties@1.1.2
63 silly idealTree +-- es6-promise@3.2.1
63 silly idealTree +-- express@4.13.4
63 silly idealTree | +-- accepts@1.2.13
63 silly idealTree | | +-- mime-types@2.1.11
63 silly idealTree | | | `-- mime-db@1.23.0
63 silly idealTree | | `-- negotiator@0.5.3
63 silly idealTree | +-- array-flatten@1.1.1
63 silly idealTree | +-- content-disposition@0.5.1
63 silly idealTree | +-- content-type@1.0.1
63 silly idealTree | +-- cookie-signature@1.0.6
63 silly idealTree | +-- cookie@0.1.5
63 silly idealTree | +-- debug@2.2.0
63 silly idealTree | | `-- ms@0.7.1
63 silly idealTree | +-- depd@1.1.0
63 silly idealTree | +-- escape-html@1.0.3
63 silly idealTree | +-- etag@1.7.0
63 silly idealTree | +-- finalhandler@0.4.1
63 silly idealTree | | `-- unpipe@1.0.0
63 silly idealTree | +-- fresh@0.3.0
63 silly idealTree | +-- merge-descriptors@1.0.1
63 silly idealTree | +-- methods@1.1.2
63 silly idealTree | +-- on-finished@2.3.0
63 silly idealTree | | `-- ee-first@1.1.1
63 silly idealTree | +-- parseurl@1.3.1
63 silly idealTree | +-- path-to-regexp@0.1.7
63 silly idealTree | +-- proxy-addr@1.0.10
63 silly idealTree | | +-- forwarded@0.1.0
63 silly idealTree | | `-- ipaddr.js@1.0.5
63 silly idealTree | +-- qs@4.0.0
63 silly idealTree | +-- range-parser@1.0.3
63 silly idealTree | +-- send@0.13.1
63 silly idealTree | | +-- destroy@1.0.4
63 silly idealTree | | +-- http-errors@1.3.1
63 silly idealTree | | | `-- inherits@2.0.1
63 silly idealTree | | +-- mime@1.3.4
63 silly idealTree | | +-- ms@0.7.1
63 silly idealTree | | `-- statuses@1.2.1
63 silly idealTree | +-- serve-static@1.10.2
63 silly idealTree | +-- type-is@1.6.12
63 silly idealTree | | +-- media-typer@0.3.0
63 silly idealTree | | `-- mime-types@2.1.11
63 silly idealTree | |   `-- mime-db@1.23.0
63 silly idealTree | +-- utils-merge@1.0.0
63 silly idealTree | `-- vary@1.0.1
63 silly idealTree +-- foreach@2.0.5
63 silly idealTree +-- function-bind@1.1.0
63 silly idealTree +-- graceful-readlink@1.0.1
63 silly idealTree +-- ms@0.7.1
63 silly idealTree +-- nan@2.3.3
63 silly idealTree +-- node-pre-gyp@0.6.10
63 silly idealTree | +-- mkdirp@0.5.1
63 silly idealTree | | `-- minimist@0.0.8
63 silly idealTree | +-- nopt@3.0.3
63 silly idealTree | | `-- abbrev@1.0.7
63 silly idealTree | +-- npmlog@1.2.1
63 silly idealTree | | +-- ansi@0.3.0
63 silly idealTree | | +-- are-we-there-yet@1.0.4
63 silly idealTree | | | +-- delegates@0.1.0
63 silly idealTree | | | `-- readable-stream@1.1.13
63 silly idealTree | | |   +-- core-util-is@1.0.1
63 silly idealTree | | |   +-- inherits@2.0.1
63 silly idealTree | | |   +-- isarray@0.0.1
63 silly idealTree | | |   `-- string_decoder@0.10.31
63 silly idealTree | | `-- gauge@1.2.2
63 silly idealTree | |   +-- has-unicode@1.0.0
63 silly idealTree | |   +-- lodash.pad@3.1.1
63 silly idealTree | |   | +-- lodash._basetostring@3.0.1
63 silly idealTree | |   | `-- lodash._createpadding@3.6.1
63 silly idealTree | |   |   `-- lodash.repeat@3.0.1
63 silly idealTree | |   +-- lodash.padleft@3.1.1
63 silly idealTree | |   | +-- lodash._basetostring@3.0.1
63 silly idealTree | |   | `-- lodash._createpadding@3.6.1
63 silly idealTree | |   |   `-- lodash.repeat@3.0.1
63 silly idealTree | |   `-- lodash.padright@3.1.1
63 silly idealTree | |     +-- lodash._basetostring@3.0.1
63 silly idealTree | |     `-- lodash._createpadding@3.6.1
63 silly idealTree | |       `-- lodash.repeat@3.0.1
63 silly idealTree | +-- rc@1.1.1
63 silly idealTree | | +-- deep-extend@0.2.11
63 silly idealTree | | +-- ini@1.3.4
63 silly idealTree | | +-- minimist@1.2.0
63 silly idealTree | | `-- strip-json-comments@0.1.3
63 silly idealTree | +-- request@2.61.0
63 silly idealTree | | +-- aws-sign2@0.5.0
63 silly idealTree | | +-- bl@1.0.0
63 silly idealTree | | | `-- readable-stream@2.0.2
63 silly idealTree | | |   +-- core-util-is@1.0.1
63 silly idealTree | | |   +-- inherits@2.0.1
63 silly idealTree | | |   +-- isarray@0.0.1
63 silly idealTree | | |   +-- process-nextick-args@1.0.3
63 silly idealTree | | |   +-- string_decoder@0.10.31
63 silly idealTree | | |   `-- util-deprecate@1.0.1
63 silly idealTree | | +-- caseless@0.11.0
63 silly idealTree | | +-- combined-stream@1.0.5
63 silly idealTree | | | `-- delayed-stream@1.0.0
63 silly idealTree | | +-- extend@3.0.0
63 silly idealTree | | +-- forever-agent@0.6.1
63 silly idealTree | | +-- form-data@1.0.0-rc3
63 silly idealTree | | | `-- async@1.4.2
63 silly idealTree | | +-- har-validator@1.8.0
63 silly idealTree | | | +-- bluebird@2.10.0
63 silly idealTree | | | +-- chalk@1.1.1
63 silly idealTree | | | | +-- ansi-styles@2.1.0
63 silly idealTree | | | | +-- escape-string-regexp@1.0.3
63 silly idealTree | | | | +-- has-ansi@2.0.0
63 silly idealTree | | | | | `-- ansi-regex@2.0.0
63 silly idealTree | | | | +-- strip-ansi@3.0.0
63 silly idealTree | | | | | `-- ansi-regex@2.0.0
63 silly idealTree | | | | `-- supports-color@2.0.0
63 silly idealTree | | | +-- commander@2.8.1
63 silly idealTree | | | | `-- graceful-readlink@1.0.1
63 silly idealTree | | | `-- is-my-json-valid@2.12.2
63 silly idealTree | | |   +-- generate-function@2.0.0
63 silly idealTree | | |   +-- generate-object-property@1.2.0
63 silly idealTree | | |   | `-- is-property@1.0.2
63 silly idealTree | | |   +-- jsonpointer@2.0.0
63 silly idealTree | | |   `-- xtend@4.0.0
63 silly idealTree | | +-- hawk@3.1.0
63 silly idealTree | | | +-- boom@2.8.0
63 silly idealTree | | | +-- cryptiles@2.0.5
63 silly idealTree | | | +-- hoek@2.14.0
63 silly idealTree | | | `-- sntp@1.0.9
63 silly idealTree | | +-- http-signature@0.11.0
63 silly idealTree | | | +-- asn1@0.1.11
63 silly idealTree | | | +-- assert-plus@0.1.5
63 silly idealTree | | | `-- ctype@0.5.3
63 silly idealTree | | +-- isstream@0.1.2
63 silly idealTree | | +-- json-stringify-safe@5.0.1
63 silly idealTree | | +-- mime-types@2.1.6
63 silly idealTree | | | `-- mime-db@1.18.0
63 silly idealTree | | +-- node-uuid@1.4.3
63 silly idealTree | | +-- oauth-sign@0.8.0
63 silly idealTree | | +-- qs@4.0.0
63 silly idealTree | | +-- stringstream@0.0.4
63 silly idealTree | | +-- tough-cookie@2.0.0
63 silly idealTree | | `-- tunnel-agent@0.4.1
63 silly idealTree | +-- rimraf@2.4.3
63 silly idealTree | | `-- glob@5.0.14
63 silly idealTree | |   +-- inflight@1.0.4
63 silly idealTree | |   | `-- wrappy@1.0.1
63 silly idealTree | |   +-- inherits@2.0.1
63 silly idealTree | |   +-- minimatch@2.0.10
63 silly idealTree | |   | `-- brace-expansion@1.1.0
63 silly idealTree | |   |   +-- balanced-match@0.2.0
63 silly idealTree | |   |   `-- concat-map@0.0.1
63 silly idealTree | |   +-- once@1.3.2
63 silly idealTree | |   | `-- wrappy@1.0.1
63 silly idealTree | |   `-- path-is-absolute@1.0.0
63 silly idealTree | +-- semver@5.0.1
63 silly idealTree | +-- tar-pack@2.0.0
63 silly idealTree | | +-- debug@0.7.4
63 silly idealTree | | +-- fstream-ignore@0.0.7
63 silly idealTree | | | +-- inherits@2.0.1
63 silly idealTree | | | `-- minimatch@0.2.14
63 silly idealTree | | |   +-- lru-cache@2.6.5
63 silly idealTree | | |   `-- sigmund@1.0.1
63 silly idealTree | | +-- fstream@0.1.31
63 silly idealTree | | | +-- graceful-fs@3.0.8
63 silly idealTree | | | `-- inherits@2.0.1
63 silly idealTree | | +-- graceful-fs@1.2.3
63 silly idealTree | | +-- once@1.1.1
63 silly idealTree | | +-- readable-stream@1.0.33
63 silly idealTree | | | +-- core-util-is@1.0.1
63 silly idealTree | | | +-- inherits@2.0.1
63 silly idealTree | | | +-- isarray@0.0.1
63 silly idealTree | | | `-- string_decoder@0.10.31
63 silly idealTree | | +-- rimraf@2.2.8
63 silly idealTree | | +-- tar@0.1.20
63 silly idealTree | | | +-- block-stream@0.0.8
63 silly idealTree | | | `-- inherits@2.0.1
63 silly idealTree | | `-- uid-number@0.0.3
63 silly idealTree | `-- tar@2.2.0
63 silly idealTree |   +-- block-stream@0.0.8
63 silly idealTree |   +-- fstream@1.0.7
63 silly idealTree |   | `-- graceful-fs@3.0.8
63 silly idealTree |   `-- inherits@2.0.1
63 silly idealTree +-- object-keys@1.0.9
63 silly idealTree +-- object.assign@4.0.3
63 silly idealTree +-- optimist@0.3.7
63 silly idealTree +-- serialport.rar
63 silly idealTree +-- serialport@3.1.2
63 silly idealTree | +-- bindings@1.2.1
63 silly idealTree | `-- node-pre-gyp@0.6.28
63 silly idealTree |   +-- mkdirp@0.5.1
63 silly idealTree |   | `-- minimist@0.0.8
63 silly idealTree |   +-- nopt@3.0.6
63 silly idealTree |   | `-- abbrev@1.0.7
63 silly idealTree |   +-- npmlog@2.0.3
63 silly idealTree |   | +-- ansi@0.3.1
63 silly idealTree |   | +-- are-we-there-yet@1.1.2
63 silly idealTree |   | | +-- delegates@1.0.0
63 silly idealTree |   | | `-- readable-stream@2.1.2
63 silly idealTree |   | |   +-- core-util-is@1.0.2
63 silly idealTree |   | |   +-- inherits@2.0.1
63 silly idealTree |   | |   +-- isarray@1.0.0
63 silly idealTree |   | |   +-- process-nextick-args@1.0.7
63 silly idealTree |   | |   +-- string_decoder@0.10.31
63 silly idealTree |   | |   `-- util-deprecate@1.0.2
63 silly idealTree |   | `-- gauge@1.2.7
63 silly idealTree |   |   +-- has-unicode@2.0.0
63 silly idealTree |   |   +-- lodash.pad@4.4.0
63 silly idealTree |   |   | +-- lodash._baseslice@4.0.0
63 silly idealTree |   |   | +-- lodash._basetostring@4.12.0
63 silly idealTree |   |   | `-- lodash.tostring@4.1.3
63 silly idealTree |   |   +-- lodash.padend@4.5.0
63 silly idealTree |   |   | +-- lodash._baseslice@4.0.0
63 silly idealTree |   |   | +-- lodash._basetostring@4.12.0
63 silly idealTree |   |   | `-- lodash.tostring@4.1.3
63 silly idealTree |   |   `-- lodash.padstart@4.5.0
63 silly idealTree |   |     +-- lodash._baseslice@4.0.0
63 silly idealTree |   |     +-- lodash._basetostring@4.12.0
63 silly idealTree |   |     `-- lodash.tostring@4.1.3
63 silly idealTree |   +-- rc@1.1.6
63 silly idealTree |   | +-- deep-extend@0.4.1
63 silly idealTree |   | +-- ini@1.3.4
63 silly idealTree |   | +-- minimist@1.2.0
63 silly idealTree |   | `-- strip-json-comments@1.0.4
63 silly idealTree |   +-- request@2.72.0
63 silly idealTree |   | +-- aws-sign2@0.6.0
63 silly idealTree |   | +-- aws4@1.4.1
63 silly idealTree |   | +-- bl@1.1.2
63 silly idealTree |   | | `-- readable-stream@2.0.6
63 silly idealTree |   | |   +-- core-util-is@1.0.2
63 silly idealTree |   | |   +-- inherits@2.0.1
63 silly idealTree |   | |   +-- isarray@1.0.0
63 silly idealTree |   | |   +-- process-nextick-args@1.0.7
63 silly idealTree |   | |   +-- string_decoder@0.10.31
63 silly idealTree |   | |   `-- util-deprecate@1.0.2
63 silly idealTree |   | +-- caseless@0.11.0
63 silly idealTree |   | +-- combined-stream@1.0.5
63 silly idealTree |   | | `-- delayed-stream@1.0.0
63 silly idealTree |   | +-- extend@3.0.0
63 silly idealTree |   | +-- forever-agent@0.6.1
63 silly idealTree |   | +-- form-data@1.0.0-rc4
63 silly idealTree |   | | `-- async@1.5.2
63 silly idealTree |   | +-- har-validator@2.0.6
63 silly idealTree |   | | +-- chalk@1.1.3
63 silly idealTree |   | | | +-- ansi-styles@2.2.1
63 silly idealTree |   | | | +-- escape-string-regexp@1.0.5
63 silly idealTree |   | | | +-- has-ansi@2.0.0
63 silly idealTree |   | | | | `-- ansi-regex@2.0.0
63 silly idealTree |   | | | +-- strip-ansi@3.0.1
63 silly idealTree |   | | | | `-- ansi-regex@2.0.0
63 silly idealTree |   | | | `-- supports-color@2.0.0
63 silly idealTree |   | | +-- is-my-json-valid@2.13.1
63 silly idealTree |   | | | +-- generate-function@2.0.0
63 silly idealTree |   | | | +-- generate-object-property@1.2.0
63 silly idealTree |   | | | | `-- is-property@1.0.2
63 silly idealTree |   | | | +-- jsonpointer@2.0.0
63 silly idealTree |   | | | `-- xtend@4.0.1
63 silly idealTree |   | | `-- pinkie-promise@2.0.1
63 silly idealTree |   | |   `-- pinkie@2.0.4
63 silly idealTree |   | +-- hawk@3.1.3
63 silly idealTree |   | | +-- boom@2.10.1
63 silly idealTree |   | | +-- cryptiles@2.0.5
63 silly idealTree |   | | +-- hoek@2.16.3
63 silly idealTree |   | | `-- sntp@1.0.9
63 silly idealTree |   | +-- http-signature@1.1.1
63 silly idealTree |   | | +-- assert-plus@0.2.0
63 silly idealTree |   | | +-- jsprim@1.2.2
63 silly idealTree |   | | | +-- extsprintf@1.0.2
63 silly idealTree |   | | | +-- json-schema@0.2.2
63 silly idealTree |   | | | `-- verror@1.3.6
63 silly idealTree |   | | `-- sshpk@1.8.3
63 silly idealTree |   | |   +-- asn1@0.2.3
63 silly idealTree |   | |   +-- assert-plus@1.0.0
63 silly idealTree |   | |   +-- dashdash@1.13.1
63 silly idealTree |   | |   +-- ecc-jsbn@0.1.1
63 silly idealTree |   | |   +-- getpass@0.1.6
63 silly idealTree |   | |   +-- jodid25519@1.0.2
63 silly idealTree |   | |   +-- jsbn@0.1.0
63 silly idealTree |   | |   `-- tweetnacl@0.13.3
63 silly idealTree |   | +-- is-typedarray@1.0.0
63 silly idealTree |   | +-- isstream@0.1.2
63 silly idealTree |   | +-- json-stringify-safe@5.0.1
63 silly idealTree |   | +-- mime-types@2.1.11
63 silly idealTree |   | | `-- mime-db@1.23.0
63 silly idealTree |   | +-- node-uuid@1.4.7
63 silly idealTree |   | +-- oauth-sign@0.8.2
63 silly idealTree |   | +-- qs@6.1.0
63 silly idealTree |   | +-- stringstream@0.0.5
63 silly idealTree |   | +-- tough-cookie@2.2.2
63 silly idealTree |   | `-- tunnel-agent@0.4.3
63 silly idealTree |   +-- rimraf@2.5.2
63 silly idealTree |   | `-- glob@7.0.3
63 silly idealTree |   |   +-- inflight@1.0.4
63 silly idealTree |   |   | `-- wrappy@1.0.1
63 silly idealTree |   |   +-- inherits@2.0.1
63 silly idealTree |   |   +-- minimatch@3.0.0
63 silly idealTree |   |   | `-- brace-expansion@1.1.4
63 silly idealTree |   |   |   +-- balanced-match@0.4.1
63 silly idealTree |   |   |   `-- concat-map@0.0.1
63 silly idealTree |   |   +-- once@1.3.3
63 silly idealTree |   |   | `-- wrappy@1.0.1
63 silly idealTree |   |   `-- path-is-absolute@1.0.0
63 silly idealTree |   +-- semver@5.1.0
63 silly idealTree |   +-- tar-pack@3.1.3
63 silly idealTree |   | +-- fstream-ignore@1.0.4
63 silly idealTree |   | | +-- inherits@2.0.1
63 silly idealTree |   | | `-- minimatch@3.0.0
63 silly idealTree |   | |   `-- brace-expansion@1.1.4
63 silly idealTree |   | |     +-- balanced-match@0.4.1
63 silly idealTree |   | |     `-- concat-map@0.0.1
63 silly idealTree |   | +-- fstream@1.0.9
63 silly idealTree |   | | +-- graceful-fs@4.1.4
63 silly idealTree |   | | `-- inherits@2.0.1
63 silly idealTree |   | +-- once@1.3.3
63 silly idealTree |   | | `-- wrappy@1.0.1
63 silly idealTree |   | +-- readable-stream@2.0.6
63 silly idealTree |   | | +-- core-util-is@1.0.2
63 silly idealTree |   | | +-- inherits@2.0.1
63 silly idealTree |   | | +-- isarray@1.0.0
63 silly idealTree |   | | +-- process-nextick-args@1.0.7
63 silly idealTree |   | | +-- string_decoder@0.10.31
63 silly idealTree |   | | `-- util-deprecate@1.0.2
63 silly idealTree |   | `-- uid-number@0.0.6
63 silly idealTree |   `-- tar@2.2.1
63 silly idealTree |     +-- block-stream@0.0.9
63 silly idealTree |     +-- fstream@1.0.9
63 silly idealTree |     | `-- graceful-fs@4.1.4
63 silly idealTree |     `-- inherits@2.0.1
63 silly idealTree +-- serialport2@0.0.5
63 silly idealTree +-- sf@0.1.3
63 silly idealTree +-- socket.io@1.4.6
63 silly idealTree | +-- debug@2.2.0
63 silly idealTree | | `-- ms@0.7.1
63 silly idealTree | +-- engine.io@1.6.9
63 silly idealTree | | +-- accepts@1.1.4
63 silly idealTree | | | +-- mime-types@2.0.14
63 silly idealTree | | | | `-- mime-db@1.12.0
63 silly idealTree | | | `-- negotiator@0.4.9
63 silly idealTree | | +-- base64id@0.1.0
63 silly idealTree | | +-- engine.io-parser@1.2.4
63 silly idealTree | | | +-- after@0.8.1
63 silly idealTree | | | +-- arraybuffer.slice@0.0.6
63 silly idealTree | | | +-- base64-arraybuffer@0.1.2
63 silly idealTree | | | +-- blob@0.0.4
63 silly idealTree | | | +-- has-binary@0.1.6
63 silly idealTree | | | | `-- isarray@0.0.1
63 silly idealTree | | | `-- utf8@2.1.0
63 silly idealTree | | `-- ws@1.0.1
63 silly idealTree | |   +-- options@0.0.6
63 silly idealTree | |   `-- ultron@1.0.2
63 silly idealTree | +-- has-binary@0.1.7
63 silly idealTree | | `-- isarray@0.0.1
63 silly idealTree | +-- socket.io-adapter@0.4.0
63 silly idealTree | | `-- socket.io-parser@2.2.2
63 silly idealTree | |   +-- benchmark@1.0.0
63 silly idealTree | |   +-- component-emitter@1.1.2
63 silly idealTree | |   +-- debug@0.7.4
63 silly idealTree | |   +-- isarray@0.0.1
63 silly idealTree | |   `-- json3@3.2.6
63 silly idealTree | +-- socket.io-client@1.4.6
63 silly idealTree | | +-- backo2@1.0.2
63 silly idealTree | | +-- component-bind@1.0.0
63 silly idealTree | | +-- component-emitter@1.2.0
63 silly idealTree | | +-- engine.io-client@1.6.9
63 silly idealTree | | | +-- component-emitter@1.1.2
63 silly idealTree | | | +-- component-inherit@0.0.3
63 silly idealTree | | | +-- engine.io-parser@1.2.4
63 silly idealTree | | | | +-- after@0.8.1
63 silly idealTree | | | | +-- arraybuffer.slice@0.0.6
63 silly idealTree | | | | +-- base64-arraybuffer@0.1.2
63 silly idealTree | | | | +-- blob@0.0.4
63 silly idealTree | | | | +-- has-binary@0.1.6
63 silly idealTree | | | | | `-- isarray@0.0.1
63 silly idealTree | | | | `-- utf8@2.1.0
63 silly idealTree | | | +-- has-cors@1.1.0
63 silly idealTree | | | +-- parsejson@0.0.1
63 silly idealTree | | | | `-- better-assert@1.0.2
63 silly idealTree | | | |   `-- callsite@1.0.0
63 silly idealTree | | | +-- parseqs@0.0.2
63 silly idealTree | | | | `-- better-assert@1.0.2
63 silly idealTree | | | |   `-- callsite@1.0.0
63 silly idealTree | | | +-- ws@1.0.1
63 silly idealTree | | | | +-- options@0.0.6
63 silly idealTree | | | | `-- ultron@1.0.2
63 silly idealTree | | | +-- xmlhttprequest-ssl@1.5.1
63 silly idealTree | | | `-- yeast@0.1.2
63 silly idealTree | | +-- indexof@0.0.1
63 silly idealTree | | +-- object-component@0.0.3
63 silly idealTree | | +-- parseuri@0.0.4
63 silly idealTree | | | `-- better-assert@1.0.2
63 silly idealTree | | |   `-- callsite@1.0.0
63 silly idealTree | | `-- to-array@0.1.4
63 silly idealTree | `-- socket.io-parser@2.2.6
63 silly idealTree |   +-- benchmark@1.0.0
63 silly idealTree |   +-- component-emitter@1.1.2
63 silly idealTree |   +-- isarray@0.0.1
63 silly idealTree |   `-- json3@3.3.2
63 silly idealTree `-- wordwrap@0.0.3
64 silly generateActionsToTake Starting
65 silly install generateActionsToTake
66 silly generateActionsToTake Finishing
67 silly diffTrees action count 1
68 silly diffTrees add canvas@1.3.16
69 silly decomposeActions action count 8
70 silly decomposeActions fetch canvas@1.3.16
71 silly decomposeActions extract canvas@1.3.16
72 silly decomposeActions test canvas@1.3.16
73 silly decomposeActions preinstall canvas@1.3.16
74 silly decomposeActions build canvas@1.3.16
75 silly decomposeActions install canvas@1.3.16
76 silly decomposeActions postinstall canvas@1.3.16
77 silly decomposeActions finalize canvas@1.3.16
78 silly executeActions Starting
79 silly install executeActions
80 silly doSerial global-install 0
81 silly doParallel fetch 1
82 verbose correctMkdir C:\Users\Administrator\AppData\Roaming\npm-cache\_locks correctMkdir not in flight; initializing
83 verbose lock using C:\Users\Administrator\AppData\Roaming\npm-cache\_locks\staging-3970b0295e3869f7.lock for C:\Users\Administrator\Desktop\demoNode\node_modules\.staging
84 silly doParallel extract 1
85 silly extract canvas@1.3.16
86 verbose unbuild node_modules\.staging\canvas-ff6897b9
87 silly gentlyRm C:\Users\Administrator\Desktop\demoNode\node_modules\.staging\canvas-ff6897b9 is being purged from base C:\Users\Administrator\Desktop\demoNode
88 verbose gentlyRm don't care about contents; nuking C:\Users\Administrator\Desktop\demoNode\node_modules\.staging\canvas-ff6897b9
89 verbose tar unpack C:\Users\Administrator\AppData\Roaming\npm-cache\canvas\1.3.16\package.tgz
90 verbose tar unpacking to C:\Users\Administrator\Desktop\demoNode\node_modules\.staging\canvas-ff6897b9
91 silly gentlyRm C:\Users\Administrator\Desktop\demoNode\node_modules\.staging\canvas-ff6897b9 is being purged
92 verbose gentlyRm don't care about contents; nuking C:\Users\Administrator\Desktop\demoNode\node_modules\.staging\canvas-ff6897b9
93 silly gunzTarPerm modes [ '777', '666' ]
94 silly gunzTarPerm extractEntry package.json
95 silly gunzTarPerm modified mode [ 'package.json', 420, 438 ]
96 silly gunzTarPerm extractEntry .npmignore
97 silly gunzTarPerm modified mode [ '.npmignore', 420, 438 ]
98 silly gunzTarPerm extractEntry index.js
99 silly gunzTarPerm modified mode [ 'index.js', 420, 438 ]
100 silly gunzTarPerm extractEntry Readme.md
101 silly gunzTarPerm modified mode [ 'Readme.md', 420, 438 ]
102 silly gunzTarPerm extractEntry binding.gyp
103 silly gunzTarPerm modified mode [ 'binding.gyp', 493, 511 ]
104 silly gunzTarPerm extractEntry .travis.yml
105 silly gunzTarPerm modified mode [ '.travis.yml', 420, 438 ]
106 silly gunzTarPerm extractEntry lib/bindings.js
107 silly gunzTarPerm modified mode [ 'lib/bindings.js', 420, 438 ]
108 silly gunzTarPerm extractEntry lib/canvas.js
109 silly gunzTarPerm modified mode [ 'lib/canvas.js', 420, 438 ]
110 silly gunzTarPerm extractEntry lib/context2d.js
111 silly gunzTarPerm modified mode [ 'lib/context2d.js', 420, 438 ]
112 silly gunzTarPerm extractEntry lib/image.js
113 silly gunzTarPerm modified mode [ 'lib/image.js', 420, 438 ]
114 silly gunzTarPerm extractEntry lib/jpegstream.js
115 silly gunzTarPerm modified mode [ 'lib/jpegstream.js', 420, 438 ]
116 silly gunzTarPerm extractEntry lib/pngstream.js
117 silly gunzTarPerm modified mode [ 'lib/pngstream.js', 420, 438 ]
118 silly gunzTarPerm extractEntry History.md
119 silly gunzTarPerm modified mode [ 'History.md', 420, 438 ]
120 silly gunzTarPerm extractEntry src/Image.cc
121 silly gunzTarPerm modified mode [ 'src/Image.cc', 420, 438 ]
122 silly gunzTarPerm extractEntry src/Canvas.cc
123 silly gunzTarPerm modified mode [ 'src/Canvas.cc', 420, 438 ]
124 silly gunzTarPerm extractEntry src/CanvasGradient.cc
125 silly gunzTarPerm modified mode [ 'src/CanvasGradient.cc', 420, 438 ]
126 silly gunzTarPerm extractEntry src/CanvasGradient.h
127 silly gunzTarPerm modified mode [ 'src/CanvasGradient.h', 420, 438 ]
128 silly gunzTarPerm extractEntry src/CanvasPattern.cc
129 silly gunzTarPerm modified mode [ 'src/CanvasPattern.cc', 420, 438 ]
130 silly gunzTarPerm extractEntry src/CanvasPattern.h
131 silly gunzTarPerm modified mode [ 'src/CanvasPattern.h', 420, 438 ]
132 silly gunzTarPerm extractEntry src/CanvasRenderingContext2d.cc
133 silly gunzTarPerm modified mode [ 'src/CanvasRenderingContext2d.cc', 493, 511 ]
134 silly gunzTarPerm extractEntry src/CanvasRenderingContext2d.h
135 silly gunzTarPerm modified mode [ 'src/CanvasRenderingContext2d.h', 420, 438 ]
136 silly gunzTarPerm extractEntry src/FontFace.cc
137 silly gunzTarPerm modified mode [ 'src/FontFace.cc', 493, 511 ]
138 silly gunzTarPerm extractEntry src/FontFace.h
139 silly gunzTarPerm modified mode [ 'src/FontFace.h', 420, 438 ]
140 silly gunzTarPerm extractEntry src/Canvas.h
141 silly gunzTarPerm modified mode [ 'src/Canvas.h', 420, 438 ]
142 silly gunzTarPerm extractEntry src/Image.h
143 silly gunzTarPerm modified mode [ 'src/Image.h', 420, 438 ]
144 silly gunzTarPerm extractEntry src/ImageData.cc
145 silly gunzTarPerm modified mode [ 'src/ImageData.cc', 420, 438 ]
146 silly gunzTarPerm extractEntry src/ImageData.h
147 silly gunzTarPerm modified mode [ 'src/ImageData.h', 420, 438 ]
148 silly gunzTarPerm extractEntry src/JPEGStream.h
149 silly gunzTarPerm modified mode [ 'src/JPEGStream.h', 420, 438 ]
150 silly gunzTarPerm extractEntry src/PNG.h
151 silly gunzTarPerm modified mode [ 'src/PNG.h', 420, 438 ]
152 silly gunzTarPerm extractEntry src/Point.h
153 silly gunzTarPerm modified mode [ 'src/Point.h', 420, 438 ]
154 silly gunzTarPerm extractEntry src/closure.h
155 silly gunzTarPerm modified mode [ 'src/closure.h', 420, 438 ]
156 silly gunzTarPerm extractEntry src/color.cc
157 silly gunzTarPerm modified mode [ 'src/color.cc', 420, 438 ]
158 silly gunzTarPerm extractEntry src/color.h
159 silly gunzTarPerm modified mode [ 'src/color.h', 420, 438 ]
160 silly gunzTarPerm extractEntry src/init.cc
161 silly gunzTarPerm modified mode [ 'src/init.cc', 493, 511 ]
162 silly gunzTarPerm extractEntry util/has_lib.sh
163 silly gunzTarPerm modified mode [ 'util/has_lib.sh', 493, 511 ]
164 silly gentlyRm C:\Users\Administrator\Desktop\demoNode\node_modules\.staging\canvas-ff6897b9\node_modules is being purged
165 verbose gentlyRm don't care about contents; nuking C:\Users\Administrator\Desktop\demoNode\node_modules\.staging\canvas-ff6897b9\node_modules
166 silly doParallel preinstall 1
167 silly preinstall canvas@1.3.16 C:\Users\Administrator\Desktop\demoNode\node_modules\.staging\canvas-ff6897b9
168 info lifecycle canvas@1.3.16~preinstall: canvas@1.3.16
169 silly lifecycle canvas@1.3.16~preinstall: no script for preinstall, continuing
170 silly doReverseSerial remove 0
171 silly doSerial move 0
172 silly doSerial finalize 1
173 silly finalize C:\Users\Administrator\Desktop\demoNode\node_modules\canvas
174 silly doSerial build 1
175 silly build canvas@1.3.16
176 info linkStuff canvas@1.3.16
177 silly linkStuff canvas@1.3.16 has C:\Users\Administrator\Desktop\demoNode\node_modules as its parent node_modules
178 verbose linkBins canvas@1.3.16
179 verbose linkMans canvas@1.3.16
180 silly doSerial global-link 0
181 silly doParallel update-linked 0
182 silly doSerial install 1
183 silly install canvas@1.3.16 C:\Users\Administrator\Desktop\demoNode\node_modules\.staging\canvas-ff6897b9
184 info lifecycle canvas@1.3.16~install: canvas@1.3.16
185 verbose lifecycle canvas@1.3.16~install: unsafe-perm in lifecycle true
186 verbose lifecycle canvas@1.3.16~install: PATH: C:\Users\Administrator\AppData\Roaming\npm\node_modules\npm\bin\node-gyp-bin;C:\Users\Administrator\Desktop\demoNode\node_modules\canvas\node_modules\.bin;C:\Users\Administrator\Desktop\demoNode\node_modules\.bin;C:\Program Files\nodejs;C:\ProgramData\Oracle\Java\javapath;C:\Windows\system32;C:\Windows;C:\Windows\System32\Wbem;C:\Windows\System32\WindowsPowerShell\v1.0\;C:\Anaconda;C:\Anaconda\Scripts;C:\Program Files\Microsoft\Web Platform Installer\;C:\Program Files (x86)\Microsoft ASP.NET\ASP.NET Web Pages\v1.0\;C:\Program Files\Microsoft SQL Server\110\Tools\Binn\C:\Program Files (x86)\Java\jdk1.8.0_73\bin;C:\Program Files (x86)\CMake\bin;C:\Program Files\Git\cmd;C:\Program Files\nodejs\;C:\Program Files (x86)\Windows Kits\8.1\Windows Performance Toolkit\;C:\Users\Administrator\AppData\Roaming\npm
187 verbose lifecycle canvas@1.3.16~install: CWD: C:\Users\Administrator\Desktop\demoNode\node_modules\canvas
188 silly lifecycle canvas@1.3.16~install: Args: [ '/d /s /c', 'node-gyp rebuild' ]
189 silly lifecycle canvas@1.3.16~install: Returned: code: 1  signal: null
190 info lifecycle canvas@1.3.16~install: Failed to exec install script
191 verbose unlock done using C:\Users\Administrator\AppData\Roaming\npm-cache\_locks\staging-3970b0295e3869f7.lock for C:\Users\Administrator\Desktop\demoNode\node_modules\.staging
192 silly rollbackFailedOptional Starting
193 silly rollbackFailedOptional Finishing
194 silly runTopLevelLifecycles Starting
195 silly runTopLevelLifecycles Finishing
196 silly install printInstalled
197 warn demo@1.0.0 No repository field.
198 verbose stack Error: canvas@1.3.16 install: `node-gyp rebuild`
198 verbose stack Exit status 1
198 verbose stack     at EventEmitter.<anonymous> (C:\Users\Administrator\AppData\Roaming\npm\node_modules\npm\lib\utils\lifecycle.js:245:16)
198 verbose stack     at emitTwo (events.js:100:13)
198 verbose stack     at EventEmitter.emit (events.js:185:7)
198 verbose stack     at ChildProcess.<anonymous> (C:\Users\Administrator\AppData\Roaming\npm\node_modules\npm\lib\utils\spawn.js:24:14)
198 verbose stack     at emitTwo (events.js:100:13)
198 verbose stack     at ChildProcess.emit (events.js:185:7)
198 verbose stack     at maybeClose (internal/child_process.js:850:16)
198 verbose stack     at Process.ChildProcess._handle.onexit (internal/child_process.js:215:5)
199 verbose pkgid canvas@1.3.16
200 verbose cwd C:\Users\Administrator\Desktop\demoNode
201 error Windows_NT 6.1.7601
202 error argv "C:\\Program Files\\nodejs\\node.exe" "C:\\Users\\Administrator\\AppData\\Roaming\\npm\\node_modules\\npm\\bin\\npm-cli.js" "install" "canvas" "--save"
203 error node v5.10.1
204 error npm  v3.8.9
205 error code ELIFECYCLE
206 error canvas@1.3.16 install: `node-gyp rebuild`
206 error Exit status 1
207 error Failed at the canvas@1.3.16 install script 'node-gyp rebuild'.
207 error Make sure you have the latest version of node.js and npm installed.
207 error If you do, this is most likely a problem with the canvas package,
207 error not with npm itself.
207 error Tell the author that this fails on your system:
207 error     node-gyp rebuild
207 error You can get information on how to open an issue for this project with:
207 error     npm bugs canvas
207 error Or if that isn't available, you can get their info via:
207 error     npm owner ls canvas
207 error There is likely additional logging output above.
208 verbose exit [ 1, true ]
